classA_bp_train
The code uses GPU...
Training...
Epoch	Time(sec)	Loss_train	AUC_dev	PRC_dev
Traceback (most recent call last):
  File "HT_main.py", line 125, in <module>
    loss_train = trainer.train(dataset_train, device)
  File "/home/yamane/helixEncoder/HelixTransformer/model.py", line 248, in train
    loss = self.model(data_pack)
  File "/home/yamane/anaconda3/envs/rdkit/lib/python3.7/site-packages/torch/nn/modules/module.py", line 1102, in _call_impl
    return forward_call(*input, **kwargs)
  File "/home/yamane/anaconda3/envs/rdkit/lib/python3.7/site-packages/torch/nn/parallel/data_parallel.py", line 168, in forward
    outputs = self.parallel_apply(replicas, inputs, kwargs)
  File "/home/yamane/anaconda3/envs/rdkit/lib/python3.7/site-packages/torch/nn/parallel/data_parallel.py", line 178, in parallel_apply
    return parallel_apply(replicas, inputs, kwargs, self.device_ids[:len(replicas)])
  File "/home/yamane/anaconda3/envs/rdkit/lib/python3.7/site-packages/torch/nn/parallel/parallel_apply.py", line 86, in parallel_apply
    output.reraise()
  File "/home/yamane/anaconda3/envs/rdkit/lib/python3.7/site-packages/torch/_utils.py", line 434, in reraise
    raise exception
RuntimeError: Caught RuntimeError in replica 0 on device 0.
Original Traceback (most recent call last):
  File "/home/yamane/anaconda3/envs/rdkit/lib/python3.7/site-packages/torch/nn/parallel/parallel_apply.py", line 61, in _worker
    output = module(*input, **kwargs)
  File "/home/yamane/helixEncoder/HelixTransformer/model.py", line 533, in __call__
    atom_num, protein_num)
  File "/home/yamane/helixEncoder/HelixTransformer/model.py", line 488, in forward
    ht1,attention1 = self.predictors1(compound,proteins[0],atom_num, protein_num)
  File "/home/yamane/anaconda3/envs/rdkit/lib/python3.7/site-packages/torch/nn/modules/module.py", line 1102, in _call_impl
    return forward_call(*input, **kwargs)
  File "/home/yamane/helixEncoder/HelixTransformer/model.py", line 440, in forward
    out,attention = self.decoder(compound, enc_src, compound_mask, protein_mask)
  File "/home/yamane/anaconda3/envs/rdkit/lib/python3.7/site-packages/torch/nn/modules/module.py", line 1102, in _call_impl
    return forward_call(*input, **kwargs)
  File "/home/yamane/helixEncoder/HelixTransformer/model.py", line 182, in forward
    trg,attention = layer(trg, src, trg_mask, src_mask)
  File "/home/yamane/anaconda3/envs/rdkit/lib/python3.7/site-packages/torch/nn/modules/module.py", line 1102, in _call_impl
    return forward_call(*input, **kwargs)
  File "/home/yamane/helixEncoder/HelixTransformer/model.py", line 136, in forward
    trg,k = self.sa(trg, trg, trg, trg_mask)
  File "/home/yamane/anaconda3/envs/rdkit/lib/python3.7/site-packages/torch/nn/modules/module.py", line 1102, in _call_impl
    return forward_call(*input, **kwargs)
  File "/home/yamane/helixEncoder/HelixTransformer/model.py", line 59, in forward
    energy = energy.masked_fill(mask == 0, -1e10)
RuntimeError: The size of tensor a (8) must match the size of tensor b (4) at non-singleton dimension 0

